<?xml version="1.0" encoding="UTF-8"?>
<testng-results skipped="0" failed="0" total="1" passed="1">
  <reporter-output>
  </reporter-output>
  <suite name="Suite" duration-ms="11413" started-at="2024-05-29T01:17:54Z" finished-at="2024-05-29T01:18:05Z">
    <groups>
    </groups>
    <test name="Test" duration-ms="11413" started-at="2024-05-29T01:17:54Z" finished-at="2024-05-29T01:18:05Z">
      <class name="com.ng.HRMTest">
        <test-method status="PASS" signature="hrm()[pri:0, instance:com.ng.HRMTest@9629756]" name="hrm" duration-ms="11391" started-at="2024-05-28T20:17:54Z" finished-at="2024-05-28T20:18:05Z">
          <reporter-output>
          </reporter-output>
        </test-method> <!-- hrm -->
      </class> <!-- com.ng.HRMTest -->
    </test> <!-- Test -->
  </suite> <!-- Suite -->
</testng-results>
